11-May-2021 14:16:08.013 INFO [main] org.apache.catalina.startup.VersionLoggerListener.log Server version name:   Apache Tomcat/9.0.43
11-May-2021 14:16:08.018 INFO [main] org.apache.catalina.startup.VersionLoggerListener.log Server built:          Jan 28 2021 20:25:45 UTC
11-May-2021 14:16:08.019 INFO [main] org.apache.catalina.startup.VersionLoggerListener.log Server version number: 9.0.43.0
11-May-2021 14:16:08.019 INFO [main] org.apache.catalina.startup.VersionLoggerListener.log OS Name:               Windows 10
11-May-2021 14:16:08.020 INFO [main] org.apache.catalina.startup.VersionLoggerListener.log OS Version:            10.0
11-May-2021 14:16:08.020 INFO [main] org.apache.catalina.startup.VersionLoggerListener.log Architecture:          amd64
11-May-2021 14:16:08.020 INFO [main] org.apache.catalina.startup.VersionLoggerListener.log Java Home:             C:\Program Files\Java\jdk-15.0.2
11-May-2021 14:16:08.020 INFO [main] org.apache.catalina.startup.VersionLoggerListener.log JVM Version:           15.0.2+7-27
11-May-2021 14:16:08.021 INFO [main] org.apache.catalina.startup.VersionLoggerListener.log JVM Vendor:            Oracle Corporation
11-May-2021 14:16:08.021 INFO [main] org.apache.catalina.startup.VersionLoggerListener.log CATALINA_BASE:         C:\Babai\Project\sem4\BetterCrypt\apache-tomcat-9.0.43
11-May-2021 14:16:08.021 INFO [main] org.apache.catalina.startup.VersionLoggerListener.log CATALINA_HOME:         C:\Babai\Project\sem4\BetterCrypt\apache-tomcat-9.0.43
11-May-2021 14:16:08.078 INFO [main] org.apache.catalina.startup.VersionLoggerListener.log Command line argument: --add-opens=java.base/java.lang=ALL-UNNAMED
11-May-2021 14:16:08.078 INFO [main] org.apache.catalina.startup.VersionLoggerListener.log Command line argument: --add-opens=java.base/java.io=ALL-UNNAMED
11-May-2021 14:16:08.079 INFO [main] org.apache.catalina.startup.VersionLoggerListener.log Command line argument: --add-opens=java.base/java.util=ALL-UNNAMED
11-May-2021 14:16:08.079 INFO [main] org.apache.catalina.startup.VersionLoggerListener.log Command line argument: --add-opens=java.base/java.util.concurrent=ALL-UNNAMED
11-May-2021 14:16:08.079 INFO [main] org.apache.catalina.startup.VersionLoggerListener.log Command line argument: --add-opens=java.rmi/sun.rmi.transport=ALL-UNNAMED
11-May-2021 14:16:08.079 INFO [main] org.apache.catalina.startup.VersionLoggerListener.log Command line argument: -Djava.util.logging.config.file=C:\Babai\Project\sem4\BetterCrypt\apache-tomcat-9.0.43\conf\logging.properties
11-May-2021 14:16:08.081 INFO [main] org.apache.catalina.startup.VersionLoggerListener.log Command line argument: -Djava.util.logging.manager=org.apache.juli.ClassLoaderLogManager
11-May-2021 14:16:08.083 INFO [main] org.apache.catalina.startup.VersionLoggerListener.log Command line argument: -Djdk.tls.ephemeralDHKeySize=2048
11-May-2021 14:16:08.085 INFO [main] org.apache.catalina.startup.VersionLoggerListener.log Command line argument: -Djava.protocol.handler.pkgs=org.apache.catalina.webresources
11-May-2021 14:16:08.085 INFO [main] org.apache.catalina.startup.VersionLoggerListener.log Command line argument: -Dignore.endorsed.dirs=
11-May-2021 14:16:08.086 INFO [main] org.apache.catalina.startup.VersionLoggerListener.log Command line argument: -Dcatalina.base=C:\Babai\Project\sem4\BetterCrypt\apache-tomcat-9.0.43
11-May-2021 14:16:08.087 INFO [main] org.apache.catalina.startup.VersionLoggerListener.log Command line argument: -Dcatalina.home=C:\Babai\Project\sem4\BetterCrypt\apache-tomcat-9.0.43
11-May-2021 14:16:08.087 INFO [main] org.apache.catalina.startup.VersionLoggerListener.log Command line argument: -Djava.io.tmpdir=C:\Babai\Project\sem4\BetterCrypt\apache-tomcat-9.0.43\temp
11-May-2021 14:16:08.209 INFO [main] org.apache.catalina.core.AprLifecycleListener.lifecycleEvent Loaded Apache Tomcat Native library [1.2.26] using APR version [1.7.0].
11-May-2021 14:16:08.209 INFO [main] org.apache.catalina.core.AprLifecycleListener.lifecycleEvent APR capabilities: IPv6 [true], sendfile [true], accept filters [false], random [true].
11-May-2021 14:16:08.210 INFO [main] org.apache.catalina.core.AprLifecycleListener.lifecycleEvent APR/OpenSSL configuration: useAprConnector [false], useOpenSSL [true]
11-May-2021 14:16:08.272 INFO [main] org.apache.catalina.core.AprLifecycleListener.initializeSSL OpenSSL successfully initialized [OpenSSL 1.1.1i  8 Dec 2020]
11-May-2021 14:16:08.903 INFO [main] org.apache.coyote.AbstractProtocol.init Initializing ProtocolHandler ["http-nio-8080"]
11-May-2021 14:16:08.996 INFO [main] org.apache.catalina.startup.Catalina.load Server initialization in [1624] milliseconds
11-May-2021 14:16:09.151 INFO [main] org.apache.catalina.core.StandardService.startInternal Starting service [Catalina]
11-May-2021 14:16:09.151 INFO [main] org.apache.catalina.core.StandardEngine.startInternal Starting Servlet engine: [Apache Tomcat/9.0.43]
11-May-2021 14:16:09.245 INFO [main] org.apache.catalina.startup.HostConfig.deployWAR Deploying web application archive [C:\Babai\Project\sem4\BetterCrypt\apache-tomcat-9.0.43\webapps\BetterCrypt-1.0-SNAPSHOT.war]
11-May-2021 14:16:10.141 INFO [main] org.apache.catalina.startup.HostConfig.deployWAR Deployment of web application archive [C:\Babai\Project\sem4\BetterCrypt\apache-tomcat-9.0.43\webapps\BetterCrypt-1.0-SNAPSHOT.war] has finished in [869] ms
11-May-2021 14:16:10.142 INFO [main] org.apache.catalina.startup.HostConfig.deployDirectory Deploying web application directory [C:\Babai\Project\sem4\BetterCrypt\apache-tomcat-9.0.43\webapps\docs]
11-May-2021 14:16:10.223 INFO [main] org.apache.catalina.startup.HostConfig.deployDirectory Deployment of web application directory [C:\Babai\Project\sem4\BetterCrypt\apache-tomcat-9.0.43\webapps\docs] has finished in [81] ms
11-May-2021 14:16:10.224 INFO [main] org.apache.catalina.startup.HostConfig.deployDirectory Deploying web application directory [C:\Babai\Project\sem4\BetterCrypt\apache-tomcat-9.0.43\webapps\examples]
11-May-2021 14:16:13.707 INFO [main] org.apache.catalina.startup.HostConfig.deployDirectory Deployment of web application directory [C:\Babai\Project\sem4\BetterCrypt\apache-tomcat-9.0.43\webapps\examples] has finished in [3,483] ms
11-May-2021 14:16:13.708 INFO [main] org.apache.catalina.startup.HostConfig.deployDirectory Deploying web application directory [C:\Babai\Project\sem4\BetterCrypt\apache-tomcat-9.0.43\webapps\host-manager]
11-May-2021 14:16:13.839 INFO [main] org.apache.catalina.startup.HostConfig.deployDirectory Deployment of web application directory [C:\Babai\Project\sem4\BetterCrypt\apache-tomcat-9.0.43\webapps\host-manager] has finished in [131] ms
11-May-2021 14:16:13.840 INFO [main] org.apache.catalina.startup.HostConfig.deployDirectory Deploying web application directory [C:\Babai\Project\sem4\BetterCrypt\apache-tomcat-9.0.43\webapps\manager]
11-May-2021 14:16:13.936 INFO [main] org.apache.catalina.startup.HostConfig.deployDirectory Deployment of web application directory [C:\Babai\Project\sem4\BetterCrypt\apache-tomcat-9.0.43\webapps\manager] has finished in [96] ms
11-May-2021 14:16:13.937 INFO [main] org.apache.catalina.startup.HostConfig.deployDirectory Deploying web application directory [C:\Babai\Project\sem4\BetterCrypt\apache-tomcat-9.0.43\webapps\ROOT]
11-May-2021 14:16:14.006 INFO [main] org.apache.catalina.startup.HostConfig.deployDirectory Deployment of web application directory [C:\Babai\Project\sem4\BetterCrypt\apache-tomcat-9.0.43\webapps\ROOT] has finished in [69] ms
11-May-2021 14:16:14.009 INFO [main] org.apache.coyote.AbstractProtocol.start Starting ProtocolHandler ["http-nio-8080"]
11-May-2021 14:16:14.238 INFO [main] org.apache.catalina.startup.Catalina.start Server startup in [5241] milliseconds
